<?xml version="1.0" encoding="UTF-8"?>
<!-- Generated by org.testng.reporters.JUnitXMLReporter -->
<testsuite ignored="0" hostname="KetMayu" failures="0" tests="12" name="Test" time="118.471" errors="0" timestamp="2023-08-16T10:10:27 IST">
  <testcase classname="com.EBanking.tests.LoginTest" name="loginWithValidCredential" time="4.556"/>
  <testcase classname="com.EBanking.tests.LoginTest" name="loginWithinvalidCredential" time="1.086"/>
  <testcase classname="com.EBanking.tests.LoginTest" name="loginWithNoCredential" time="0.763"/>
  <testcase classname="com.EBanking.tests.LoginTest" name="loginWithOnlyUserName" time="0.951"/>
  <testcase classname="com.EBanking.tests.LoginTest" name="loginWithOnlyPassword" time="0.905"/>
  <testcase classname="com.EBanking.tests.LoginTest" name="loginWithAllFields" time="3.005"/>
  <testcase classname="com.EBanking.tests.LoginTest" name="forgetPasswordOptionAvailableOrNot" time="0.039"/>
  <testcase classname="com.EBanking.tests.PayBillsTest" name="MakePaymensOfChecking" time="8.035"/>
  <testcase classname="com.EBanking.tests.PayBillsTest" name="MakePaymensOfLoan" time="7.573"/>
  <testcase classname="com.EBanking.tests.PayBillsTest" name="MakePaymentOfCreditCard" time="8.472"/>
  <testcase classname="com.EBanking.tests.PayBillsTest" name="addNewPayees" time="8.226"/>
  <testcase classname="com.EBanking.tests.PayBillsTest" name="purchaseForeignCurrency" time="8.212"/>
</testsuite> <!-- Test -->
